  RM    _Ultimaker2go-HBK/*
  RMDIR _Ultimaker2go-HBK/
  CC    D:/arduino-1.8.1/hardware/arduino/avr/cores/arduino/wiring.c
  CC    D:/arduino-1.8.1/hardware/arduino/avr/cores/arduino/hooks.c
  CC    D:/arduino-1.8.1/hardware/arduino/avr/cores/arduino/wiring_analog.c
  CC    D:/arduino-1.8.1/hardware/arduino/avr/cores/arduino/wiring_digital.c
  CC    D:/arduino-1.8.1/hardware/arduino/avr/cores/arduino/wiring_pulse.c
  CC    D:/arduino-1.8.1/hardware/arduino/avr/cores/arduino/wiring_shift.c
  CC    D:/arduino-1.8.1/hardware/arduino/avr/cores/arduino/WInterrupts.c
  CXX   UltiLCD2.cpp
  CXX   UltiLCD2_gfx.cpp
  CXX   UltiLCD2_hi_lib.cpp
  CXX   UltiLCD2_low_lib.cpp
  CXX   UltiLCD2_menu_first_run.cpp
  CXX   UltiLCD2_menu_maintenance.cpp
  CXX   UltiLCD2_menu_material.cpp
  CXX   UltiLCD2_menu_print.cpp
  CXX   lifetime_stats.cpp
  CXX   D:/arduino-1.8.1/hardware/arduino/avr/cores/arduino/WMath.cpp
  CXX   D:/arduino-1.8.1/hardware/arduino/avr/cores/arduino/WString.cpp
  CXX   D:/arduino-1.8.1/hardware/arduino/avr/cores/arduino/Print.cpp
  CXX   Marlin_main.cpp
  CXX   MarlinSerial.cpp
  CXX   Sd2Card.cpp
  CXX   SdBaseFile.cpp
  CXX   SdFatUtil.cpp
  CXX   SdFile.cpp
  CXX   SdVolume.cpp
  CXX   motion_control.cpp
  CXX   planner.cpp
  CXX   stepper.cpp
  CXX   temperature.cpp
  CXX   cardreader.cpp
  CXX   ConfigurationStore.cpp
  CXX   watchdog.cpp
  CXX   electronics_test.cpp
  CXX   D:/arduino-1.8.1/hardware/arduino/avr/cores/arduino/main.cpp
  CXX   _Ultimaker2go-HBK/Marlin.elf
D:/arduino-1.8.1/hardware/tools/avr/bin/avr-objdump -h -S _Ultimaker2go-HBK/Marlin.elf > _Ultimaker2go-HBK/Marlin.lss
D:/arduino-1.8.1/hardware/tools/avr/bin/avr-nm -n _Ultimaker2go-HBK/Marlin.elf > _Ultimaker2go-HBK/Marlin.sym
  COPY  _Ultimaker2go-HBK/Marlin.hex
# Link: create ELF output file from library.


AVR Memory Usage
----------------
Device: atmega2560

Program:  121766 bytes (46.5% Full)
(.text + .data + .bootloader)

Data:       5935 bytes (72.4% Full)
(.data + .bss + .noinit)


   text	   data	    bss	    dec	    hex	filename
 121460	    306	   5629	 127395	  1f1a3	_Ultimaker2go-HBK/Marlin.elf

