  RM    _Ultimaker2/*
  RMDIR _Ultimaker2/
  CC    D:/arduino-1.8.1/hardware/arduino/avr/cores/arduino/wiring.c
  CC    D:/arduino-1.8.1/hardware/arduino/avr/cores/arduino/hooks.c
  CC    D:/arduino-1.8.1/hardware/arduino/avr/cores/arduino/wiring_analog.c
  CC    D:/arduino-1.8.1/hardware/arduino/avr/cores/arduino/wiring_digital.c
  CC    D:/arduino-1.8.1/hardware/arduino/avr/cores/arduino/wiring_pulse.c
  CC    D:/arduino-1.8.1/hardware/arduino/avr/cores/arduino/wiring_shift.c
  CC    D:/arduino-1.8.1/hardware/arduino/avr/cores/arduino/WInterrupts.c
  CXX   UltiLCD2.cpp
  CXX   UltiLCD2_gfx.cpp
  CXX   UltiLCD2_hi_lib.cpp
  CXX   UltiLCD2_low_lib.cpp
  CXX   UltiLCD2_menu_first_run.cpp
  CXX   UltiLCD2_menu_maintenance.cpp
  CXX   UltiLCD2_menu_material.cpp
  CXX   UltiLCD2_menu_print.cpp
  CXX   lifetime_stats.cpp
  CXX   UltiLCD2_menu_main.cpp
  CXX   powerbudget.cpp
  CXX   UltiLCD2_menu_utils.cpp
  CXX   UltiLCD2_menu_prefs.cpp
  CXX   tinkergnome.cpp
  CXX   machinesettings.cpp
  CXX   filament_sensor.cpp
  CXX   D:/arduino-1.8.1/hardware/arduino/avr/cores/arduino/new.cpp
  CXX   D:/arduino-1.8.1/hardware/arduino/avr/cores/arduino/WMath.cpp
  CXX   D:/arduino-1.8.1/hardware/arduino/avr/cores/arduino/WString.cpp
  CXX   D:/arduino-1.8.1/hardware/arduino/avr/cores/arduino/Print.cpp
  CXX   Marlin_main.cpp
  CXX   MarlinSerial.cpp
  CXX   Sd2Card.cpp
  CXX   SdBaseFile.cpp
  CXX   SdFile.cpp
  CXX   SdVolume.cpp
  CXX   motion_control.cpp
  CXX   planner.cpp
  CXX   stepper.cpp
  CXX   temperature.cpp
  CXX   cardreader.cpp
  CXX   ConfigurationStore.cpp
  CXX   watchdog.cpp
  CXX   electronics_test.cpp
  CXX   D:/arduino-1.8.1/hardware/arduino/avr/cores/arduino/main.cpp
  CXX   _Ultimaker2/Marlin.elf
D:/arduino-1.8.1/hardware/tools/avr/bin/avr-objdump -h -S _Ultimaker2/Marlin.elf > _Ultimaker2/Marlin.lss
D:/arduino-1.8.1/hardware/tools/avr/bin/avr-nm -n _Ultimaker2/Marlin.elf > _Ultimaker2/Marlin.sym
  COPY  _Ultimaker2/Marlin.hex
# Link: create ELF output file from library.


AVR Memory Usage
----------------
Device: atmega2560

Program:  193362 bytes (73.8% Full)
(.text + .data + .bootloader)

Data:       5736 bytes (70.0% Full)
(.data + .bss + .noinit)


   text	   data	    bss	    dec	    hex	filename
 193028	    334	   5402	 198764	  3086c	_Ultimaker2/Marlin.elf

  RM    _Ultimaker2Dual/*
  RMDIR _Ultimaker2Dual/
  CC    D:/arduino-1.8.1/hardware/arduino/avr/cores/arduino/wiring.c
  CC    D:/arduino-1.8.1/hardware/arduino/avr/cores/arduino/hooks.c
  CC    D:/arduino-1.8.1/hardware/arduino/avr/cores/arduino/wiring_analog.c
  CC    D:/arduino-1.8.1/hardware/arduino/avr/cores/arduino/wiring_digital.c
  CC    D:/arduino-1.8.1/hardware/arduino/avr/cores/arduino/wiring_pulse.c
  CC    D:/arduino-1.8.1/hardware/arduino/avr/cores/arduino/wiring_shift.c
  CC    D:/arduino-1.8.1/hardware/arduino/avr/cores/arduino/WInterrupts.c
  CXX   UltiLCD2.cpp
  CXX   UltiLCD2_gfx.cpp
  CXX   UltiLCD2_hi_lib.cpp
  CXX   UltiLCD2_low_lib.cpp
  CXX   UltiLCD2_menu_first_run.cpp
  CXX   UltiLCD2_menu_maintenance.cpp
  CXX   UltiLCD2_menu_material.cpp
  CXX   UltiLCD2_menu_print.cpp
  CXX   lifetime_stats.cpp
  CXX   UltiLCD2_menu_main.cpp
  CXX   powerbudget.cpp
  CXX   UltiLCD2_menu_utils.cpp
  CXX   UltiLCD2_menu_prefs.cpp
  CXX   tinkergnome.cpp
  CXX   machinesettings.cpp
  CXX   filament_sensor.cpp
  CXX   D:/arduino-1.8.1/hardware/arduino/avr/cores/arduino/new.cpp
  CXX   D:/arduino-1.8.1/hardware/arduino/avr/cores/arduino/WMath.cpp
  CXX   D:/arduino-1.8.1/hardware/arduino/avr/cores/arduino/WString.cpp
  CXX   D:/arduino-1.8.1/hardware/arduino/avr/cores/arduino/Print.cpp
  CXX   Marlin_main.cpp
  CXX   MarlinSerial.cpp
  CXX   Sd2Card.cpp
  CXX   SdBaseFile.cpp
  CXX   SdFile.cpp
  CXX   SdVolume.cpp
  CXX   motion_control.cpp
  CXX   planner.cpp
  CXX   stepper.cpp
  CXX   temperature.cpp
  CXX   cardreader.cpp
  CXX   ConfigurationStore.cpp
  CXX   watchdog.cpp
  CXX   electronics_test.cpp
  CXX   D:/arduino-1.8.1/hardware/arduino/avr/cores/arduino/main.cpp
  CXX   _Ultimaker2Dual/Marlin.elf
D:/arduino-1.8.1/hardware/tools/avr/bin/avr-objdump -h -S _Ultimaker2Dual/Marlin.elf > _Ultimaker2Dual/Marlin.lss
D:/arduino-1.8.1/hardware/tools/avr/bin/avr-nm -n _Ultimaker2Dual/Marlin.elf > _Ultimaker2Dual/Marlin.sym
  COPY  _Ultimaker2Dual/Marlin.hex
# Link: create ELF output file from library.


AVR Memory Usage
----------------
Device: atmega2560

Program:  207338 bytes (79.1% Full)
(.text + .data + .bootloader)

Data:       6070 bytes (74.1% Full)
(.data + .bss + .noinit)


   text	   data	    bss	    dec	    hex	filename
 206958	    380	   5690	 213028	  34024	_Ultimaker2Dual/Marlin.elf

  RM    _Ultimaker2plus/*
  RMDIR _Ultimaker2plus/
  CC    D:/arduino-1.8.1/hardware/arduino/avr/cores/arduino/wiring.c
  CC    D:/arduino-1.8.1/hardware/arduino/avr/cores/arduino/hooks.c
  CC    D:/arduino-1.8.1/hardware/arduino/avr/cores/arduino/wiring_analog.c
  CC    D:/arduino-1.8.1/hardware/arduino/avr/cores/arduino/wiring_digital.c
  CC    D:/arduino-1.8.1/hardware/arduino/avr/cores/arduino/wiring_pulse.c
  CC    D:/arduino-1.8.1/hardware/arduino/avr/cores/arduino/wiring_shift.c
  CC    D:/arduino-1.8.1/hardware/arduino/avr/cores/arduino/WInterrupts.c
  CXX   UltiLCD2.cpp
  CXX   UltiLCD2_gfx.cpp
  CXX   UltiLCD2_hi_lib.cpp
  CXX   UltiLCD2_low_lib.cpp
  CXX   UltiLCD2_menu_first_run.cpp
  CXX   UltiLCD2_menu_maintenance.cpp
  CXX   UltiLCD2_menu_material.cpp
  CXX   UltiLCD2_menu_print.cpp
  CXX   lifetime_stats.cpp
  CXX   UltiLCD2_menu_main.cpp
  CXX   powerbudget.cpp
  CXX   UltiLCD2_menu_utils.cpp
  CXX   UltiLCD2_menu_prefs.cpp
  CXX   tinkergnome.cpp
  CXX   machinesettings.cpp
  CXX   filament_sensor.cpp
  CXX   D:/arduino-1.8.1/hardware/arduino/avr/cores/arduino/new.cpp
  CXX   D:/arduino-1.8.1/hardware/arduino/avr/cores/arduino/WMath.cpp
  CXX   D:/arduino-1.8.1/hardware/arduino/avr/cores/arduino/WString.cpp
  CXX   D:/arduino-1.8.1/hardware/arduino/avr/cores/arduino/Print.cpp
  CXX   Marlin_main.cpp
  CXX   MarlinSerial.cpp
  CXX   Sd2Card.cpp
  CXX   SdBaseFile.cpp
  CXX   SdFile.cpp
  CXX   SdVolume.cpp
  CXX   motion_control.cpp
  CXX   planner.cpp
  CXX   stepper.cpp
  CXX   temperature.cpp
  CXX   cardreader.cpp
  CXX   ConfigurationStore.cpp
  CXX   watchdog.cpp
  CXX   electronics_test.cpp
  CXX   D:/arduino-1.8.1/hardware/arduino/avr/cores/arduino/main.cpp
  CXX   _Ultimaker2plus/Marlin.elf
D:/arduino-1.8.1/hardware/tools/avr/bin/avr-objdump -h -S _Ultimaker2plus/Marlin.elf > _Ultimaker2plus/Marlin.lss
D:/arduino-1.8.1/hardware/tools/avr/bin/avr-nm -n _Ultimaker2plus/Marlin.elf > _Ultimaker2plus/Marlin.sym
  COPY  _Ultimaker2plus/Marlin.hex
# Link: create ELF output file from library.


AVR Memory Usage
----------------
Device: atmega2560

Program:  193366 bytes (73.8% Full)
(.text + .data + .bootloader)

Data:       5736 bytes (70.0% Full)
(.data + .bss + .noinit)


   text	   data	    bss	    dec	    hex	filename
 193032	    334	   5402	 198768	  30870	_Ultimaker2plus/Marlin.elf

  RM    _Ultimaker2plusDual/*
  RMDIR _Ultimaker2plusDual/
  CC    D:/arduino-1.8.1/hardware/arduino/avr/cores/arduino/wiring.c
  CC    D:/arduino-1.8.1/hardware/arduino/avr/cores/arduino/hooks.c
  CC    D:/arduino-1.8.1/hardware/arduino/avr/cores/arduino/wiring_analog.c
  CC    D:/arduino-1.8.1/hardware/arduino/avr/cores/arduino/wiring_digital.c
  CC    D:/arduino-1.8.1/hardware/arduino/avr/cores/arduino/wiring_pulse.c
  CC    D:/arduino-1.8.1/hardware/arduino/avr/cores/arduino/wiring_shift.c
  CC    D:/arduino-1.8.1/hardware/arduino/avr/cores/arduino/WInterrupts.c
  CXX   UltiLCD2.cpp
  CXX   UltiLCD2_gfx.cpp
  CXX   UltiLCD2_hi_lib.cpp
  CXX   UltiLCD2_low_lib.cpp
  CXX   UltiLCD2_menu_first_run.cpp
  CXX   UltiLCD2_menu_maintenance.cpp
  CXX   UltiLCD2_menu_material.cpp
  CXX   UltiLCD2_menu_print.cpp
  CXX   lifetime_stats.cpp
  CXX   UltiLCD2_menu_main.cpp
  CXX   powerbudget.cpp
  CXX   UltiLCD2_menu_utils.cpp
  CXX   UltiLCD2_menu_prefs.cpp
  CXX   tinkergnome.cpp
  CXX   machinesettings.cpp
  CXX   filament_sensor.cpp
  CXX   D:/arduino-1.8.1/hardware/arduino/avr/cores/arduino/new.cpp
  CXX   D:/arduino-1.8.1/hardware/arduino/avr/cores/arduino/WMath.cpp
  CXX   D:/arduino-1.8.1/hardware/arduino/avr/cores/arduino/WString.cpp
  CXX   D:/arduino-1.8.1/hardware/arduino/avr/cores/arduino/Print.cpp
  CXX   Marlin_main.cpp
  CXX   MarlinSerial.cpp
  CXX   Sd2Card.cpp
  CXX   SdBaseFile.cpp
  CXX   SdFile.cpp
  CXX   SdVolume.cpp
  CXX   motion_control.cpp
  CXX   planner.cpp
  CXX   stepper.cpp
  CXX   temperature.cpp
  CXX   cardreader.cpp
  CXX   ConfigurationStore.cpp
  CXX   watchdog.cpp
  CXX   electronics_test.cpp
  CXX   D:/arduino-1.8.1/hardware/arduino/avr/cores/arduino/main.cpp
  CXX   _Ultimaker2plusDual/Marlin.elf
D:/arduino-1.8.1/hardware/tools/avr/bin/avr-objdump -h -S _Ultimaker2plusDual/Marlin.elf > _Ultimaker2plusDual/Marlin.lss
D:/arduino-1.8.1/hardware/tools/avr/bin/avr-nm -n _Ultimaker2plusDual/Marlin.elf > _Ultimaker2plusDual/Marlin.sym
  COPY  _Ultimaker2plusDual/Marlin.hex
# Link: create ELF output file from library.


AVR Memory Usage
----------------
Device: atmega2560

Program:  207342 bytes (79.1% Full)
(.text + .data + .bootloader)

Data:       6070 bytes (74.1% Full)
(.data + .bss + .noinit)


   text	   data	    bss	    dec	    hex	filename
 206962	    380	   5690	 213032	  34028	_Ultimaker2plusDual/Marlin.elf

  RM    _Ultimaker2go/*
  RMDIR _Ultimaker2go/
  CC    D:/arduino-1.8.1/hardware/arduino/avr/cores/arduino/wiring.c
  CC    D:/arduino-1.8.1/hardware/arduino/avr/cores/arduino/hooks.c
  CC    D:/arduino-1.8.1/hardware/arduino/avr/cores/arduino/wiring_analog.c
  CC    D:/arduino-1.8.1/hardware/arduino/avr/cores/arduino/wiring_digital.c
  CC    D:/arduino-1.8.1/hardware/arduino/avr/cores/arduino/wiring_pulse.c
  CC    D:/arduino-1.8.1/hardware/arduino/avr/cores/arduino/wiring_shift.c
  CC    D:/arduino-1.8.1/hardware/arduino/avr/cores/arduino/WInterrupts.c
  CXX   UltiLCD2.cpp
  CXX   UltiLCD2_gfx.cpp
  CXX   UltiLCD2_hi_lib.cpp
  CXX   UltiLCD2_low_lib.cpp
  CXX   UltiLCD2_menu_first_run.cpp
  CXX   UltiLCD2_menu_maintenance.cpp
  CXX   UltiLCD2_menu_material.cpp
  CXX   UltiLCD2_menu_print.cpp
  CXX   lifetime_stats.cpp
  CXX   UltiLCD2_menu_main.cpp
  CXX   powerbudget.cpp
  CXX   UltiLCD2_menu_utils.cpp
  CXX   UltiLCD2_menu_prefs.cpp
  CXX   tinkergnome.cpp
  CXX   machinesettings.cpp
  CXX   filament_sensor.cpp
  CXX   D:/arduino-1.8.1/hardware/arduino/avr/cores/arduino/new.cpp
  CXX   D:/arduino-1.8.1/hardware/arduino/avr/cores/arduino/WMath.cpp
  CXX   D:/arduino-1.8.1/hardware/arduino/avr/cores/arduino/WString.cpp
  CXX   D:/arduino-1.8.1/hardware/arduino/avr/cores/arduino/Print.cpp
  CXX   Marlin_main.cpp
  CXX   MarlinSerial.cpp
  CXX   Sd2Card.cpp
  CXX   SdBaseFile.cpp
  CXX   SdFile.cpp
  CXX   SdVolume.cpp
  CXX   motion_control.cpp
  CXX   planner.cpp
  CXX   stepper.cpp
  CXX   temperature.cpp
  CXX   cardreader.cpp
  CXX   ConfigurationStore.cpp
  CXX   watchdog.cpp
  CXX   electronics_test.cpp
  CXX   D:/arduino-1.8.1/hardware/arduino/avr/cores/arduino/main.cpp
  CXX   _Ultimaker2go/Marlin.elf
D:/arduino-1.8.1/hardware/tools/avr/bin/avr-objdump -h -S _Ultimaker2go/Marlin.elf > _Ultimaker2go/Marlin.lss
D:/arduino-1.8.1/hardware/tools/avr/bin/avr-nm -n _Ultimaker2go/Marlin.elf > _Ultimaker2go/Marlin.sym
  COPY  _Ultimaker2go/Marlin.hex
# Link: create ELF output file from library.


AVR Memory Usage
----------------
Device: atmega2560

Program:  184976 bytes (70.6% Full)
(.text + .data + .bootloader)

Data:       5672 bytes (69.2% Full)
(.data + .bss + .noinit)


   text	   data	    bss	    dec	    hex	filename
 184648	    328	   5344	 190320	  2e770	_Ultimaker2go/Marlin.elf

  RM    _Ultimaker2goDual/*
  RMDIR _Ultimaker2goDual/
  CC    D:/arduino-1.8.1/hardware/arduino/avr/cores/arduino/wiring.c
  CC    D:/arduino-1.8.1/hardware/arduino/avr/cores/arduino/hooks.c
  CC    D:/arduino-1.8.1/hardware/arduino/avr/cores/arduino/wiring_analog.c
  CC    D:/arduino-1.8.1/hardware/arduino/avr/cores/arduino/wiring_digital.c
  CC    D:/arduino-1.8.1/hardware/arduino/avr/cores/arduino/wiring_pulse.c
  CC    D:/arduino-1.8.1/hardware/arduino/avr/cores/arduino/wiring_shift.c
  CC    D:/arduino-1.8.1/hardware/arduino/avr/cores/arduino/WInterrupts.c
  CXX   UltiLCD2.cpp
  CXX   UltiLCD2_gfx.cpp
  CXX   UltiLCD2_hi_lib.cpp
  CXX   UltiLCD2_low_lib.cpp
  CXX   UltiLCD2_menu_first_run.cpp
  CXX   UltiLCD2_menu_maintenance.cpp
  CXX   UltiLCD2_menu_material.cpp
  CXX   UltiLCD2_menu_print.cpp
  CXX   lifetime_stats.cpp
  CXX   UltiLCD2_menu_main.cpp
  CXX   powerbudget.cpp
  CXX   UltiLCD2_menu_utils.cpp
  CXX   UltiLCD2_menu_prefs.cpp
  CXX   tinkergnome.cpp
  CXX   machinesettings.cpp
  CXX   filament_sensor.cpp
  CXX   D:/arduino-1.8.1/hardware/arduino/avr/cores/arduino/new.cpp
  CXX   D:/arduino-1.8.1/hardware/arduino/avr/cores/arduino/WMath.cpp
  CXX   D:/arduino-1.8.1/hardware/arduino/avr/cores/arduino/WString.cpp
  CXX   D:/arduino-1.8.1/hardware/arduino/avr/cores/arduino/Print.cpp
  CXX   Marlin_main.cpp
  CXX   MarlinSerial.cpp
  CXX   Sd2Card.cpp
  CXX   SdBaseFile.cpp
  CXX   SdFile.cpp
  CXX   SdVolume.cpp
  CXX   motion_control.cpp
  CXX   planner.cpp
  CXX   stepper.cpp
  CXX   temperature.cpp
  CXX   cardreader.cpp
  CXX   ConfigurationStore.cpp
  CXX   watchdog.cpp
  CXX   electronics_test.cpp
  CXX   D:/arduino-1.8.1/hardware/arduino/avr/cores/arduino/main.cpp
  CXX   _Ultimaker2goDual/Marlin.elf
D:/arduino-1.8.1/hardware/tools/avr/bin/avr-objdump -h -S _Ultimaker2goDual/Marlin.elf > _Ultimaker2goDual/Marlin.lss
D:/arduino-1.8.1/hardware/tools/avr/bin/avr-nm -n _Ultimaker2goDual/Marlin.elf > _Ultimaker2goDual/Marlin.sym
  COPY  _Ultimaker2goDual/Marlin.hex
# Link: create ELF output file from library.


AVR Memory Usage
----------------
Device: atmega2560

Program:  198920 bytes (75.9% Full)
(.text + .data + .bootloader)

Data:       6004 bytes (73.3% Full)
(.data + .bss + .noinit)


   text	   data	    bss	    dec	    hex	filename
 198546	    374	   5630	 204550	  31f06	_Ultimaker2goDual/Marlin.elf

  RM    _Ultimaker2go-HBK/*
  RMDIR _Ultimaker2go-HBK/
  CC    D:/arduino-1.8.1/hardware/arduino/avr/cores/arduino/wiring.c
  CC    D:/arduino-1.8.1/hardware/arduino/avr/cores/arduino/hooks.c
  CC    D:/arduino-1.8.1/hardware/arduino/avr/cores/arduino/wiring_analog.c
  CC    D:/arduino-1.8.1/hardware/arduino/avr/cores/arduino/wiring_digital.c
  CC    D:/arduino-1.8.1/hardware/arduino/avr/cores/arduino/wiring_pulse.c
  CC    D:/arduino-1.8.1/hardware/arduino/avr/cores/arduino/wiring_shift.c
  CC    D:/arduino-1.8.1/hardware/arduino/avr/cores/arduino/WInterrupts.c
  CXX   UltiLCD2.cpp
  CXX   UltiLCD2_gfx.cpp
  CXX   UltiLCD2_hi_lib.cpp
  CXX   UltiLCD2_low_lib.cpp
  CXX   UltiLCD2_menu_first_run.cpp
  CXX   UltiLCD2_menu_maintenance.cpp
  CXX   UltiLCD2_menu_material.cpp
  CXX   UltiLCD2_menu_print.cpp
  CXX   lifetime_stats.cpp
  CXX   UltiLCD2_menu_main.cpp
  CXX   powerbudget.cpp
  CXX   UltiLCD2_menu_utils.cpp
  CXX   UltiLCD2_menu_prefs.cpp
  CXX   tinkergnome.cpp
  CXX   machinesettings.cpp
  CXX   filament_sensor.cpp
  CXX   D:/arduino-1.8.1/hardware/arduino/avr/cores/arduino/new.cpp
  CXX   D:/arduino-1.8.1/hardware/arduino/avr/cores/arduino/WMath.cpp
  CXX   D:/arduino-1.8.1/hardware/arduino/avr/cores/arduino/WString.cpp
  CXX   D:/arduino-1.8.1/hardware/arduino/avr/cores/arduino/Print.cpp
  CXX   Marlin_main.cpp
  CXX   MarlinSerial.cpp
  CXX   Sd2Card.cpp
  CXX   SdBaseFile.cpp
  CXX   SdFile.cpp
  CXX   SdVolume.cpp
  CXX   motion_control.cpp
  CXX   planner.cpp
  CXX   stepper.cpp
  CXX   temperature.cpp
  CXX   cardreader.cpp
  CXX   ConfigurationStore.cpp
  CXX   watchdog.cpp
  CXX   electronics_test.cpp
  CXX   D:/arduino-1.8.1/hardware/arduino/avr/cores/arduino/main.cpp
  CXX   _Ultimaker2go-HBK/Marlin.elf
D:/arduino-1.8.1/hardware/tools/avr/bin/avr-objdump -h -S _Ultimaker2go-HBK/Marlin.elf > _Ultimaker2go-HBK/Marlin.lss
D:/arduino-1.8.1/hardware/tools/avr/bin/avr-nm -n _Ultimaker2go-HBK/Marlin.elf > _Ultimaker2go-HBK/Marlin.sym
  COPY  _Ultimaker2go-HBK/Marlin.hex
# Link: create ELF output file from library.


AVR Memory Usage
----------------
Device: atmega2560

Program:  193384 bytes (73.8% Full)
(.text + .data + .bootloader)

Data:       5736 bytes (70.0% Full)
(.data + .bss + .noinit)


   text	   data	    bss	    dec	    hex	filename
 193038	    346	   5390	 198774	  30876	_Ultimaker2go-HBK/Marlin.elf

  RM    _Ultimaker2goHBKDual/*
  RMDIR _Ultimaker2goHBKDual/
  CC    D:/arduino-1.8.1/hardware/arduino/avr/cores/arduino/wiring.c
  CC    D:/arduino-1.8.1/hardware/arduino/avr/cores/arduino/hooks.c
  CC    D:/arduino-1.8.1/hardware/arduino/avr/cores/arduino/wiring_analog.c
  CC    D:/arduino-1.8.1/hardware/arduino/avr/cores/arduino/wiring_digital.c
  CC    D:/arduino-1.8.1/hardware/arduino/avr/cores/arduino/wiring_pulse.c
  CC    D:/arduino-1.8.1/hardware/arduino/avr/cores/arduino/wiring_shift.c
  CC    D:/arduino-1.8.1/hardware/arduino/avr/cores/arduino/WInterrupts.c
  CXX   UltiLCD2.cpp
  CXX   UltiLCD2_gfx.cpp
  CXX   UltiLCD2_hi_lib.cpp
  CXX   UltiLCD2_low_lib.cpp
  CXX   UltiLCD2_menu_first_run.cpp
  CXX   UltiLCD2_menu_maintenance.cpp
  CXX   UltiLCD2_menu_material.cpp
  CXX   UltiLCD2_menu_print.cpp
  CXX   lifetime_stats.cpp
  CXX   UltiLCD2_menu_main.cpp
  CXX   powerbudget.cpp
  CXX   UltiLCD2_menu_utils.cpp
  CXX   UltiLCD2_menu_prefs.cpp
  CXX   tinkergnome.cpp
  CXX   machinesettings.cpp
  CXX   filament_sensor.cpp
  CXX   D:/arduino-1.8.1/hardware/arduino/avr/cores/arduino/new.cpp
  CXX   D:/arduino-1.8.1/hardware/arduino/avr/cores/arduino/WMath.cpp
  CXX   D:/arduino-1.8.1/hardware/arduino/avr/cores/arduino/WString.cpp
  CXX   D:/arduino-1.8.1/hardware/arduino/avr/cores/arduino/Print.cpp
  CXX   Marlin_main.cpp
  CXX   MarlinSerial.cpp
  CXX   Sd2Card.cpp
  CXX   SdBaseFile.cpp
  CXX   SdFile.cpp
  CXX   SdVolume.cpp
  CXX   motion_control.cpp
  CXX   planner.cpp
  CXX   stepper.cpp
  CXX   temperature.cpp
  CXX   cardreader.cpp
  CXX   ConfigurationStore.cpp
  CXX   watchdog.cpp
  CXX   electronics_test.cpp
  CXX   D:/arduino-1.8.1/hardware/arduino/avr/cores/arduino/main.cpp
  CXX   _Ultimaker2goHBKDual/Marlin.elf
D:/arduino-1.8.1/hardware/tools/avr/bin/avr-objdump -h -S _Ultimaker2goHBKDual/Marlin.elf > _Ultimaker2goHBKDual/Marlin.lss
D:/arduino-1.8.1/hardware/tools/avr/bin/avr-nm -n _Ultimaker2goHBKDual/Marlin.elf > _Ultimaker2goHBKDual/Marlin.sym
  COPY  _Ultimaker2goHBKDual/Marlin.hex
# Link: create ELF output file from library.


AVR Memory Usage
----------------
Device: atmega2560

Program:  207360 bytes (79.1% Full)
(.text + .data + .bootloader)

Data:       6070 bytes (74.1% Full)
(.data + .bss + .noinit)


   text	   data	    bss	    dec	    hex	filename
 206968	    392	   5678	 213038	  3402e	_Ultimaker2goHBKDual/Marlin.elf

  RM    _Ultimaker2extended/*
  RMDIR _Ultimaker2extended/
  CC    D:/arduino-1.8.1/hardware/arduino/avr/cores/arduino/wiring.c
  CC    D:/arduino-1.8.1/hardware/arduino/avr/cores/arduino/hooks.c
  CC    D:/arduino-1.8.1/hardware/arduino/avr/cores/arduino/wiring_analog.c
  CC    D:/arduino-1.8.1/hardware/arduino/avr/cores/arduino/wiring_digital.c
  CC    D:/arduino-1.8.1/hardware/arduino/avr/cores/arduino/wiring_pulse.c
  CC    D:/arduino-1.8.1/hardware/arduino/avr/cores/arduino/wiring_shift.c
  CC    D:/arduino-1.8.1/hardware/arduino/avr/cores/arduino/WInterrupts.c
  CXX   UltiLCD2.cpp
  CXX   UltiLCD2_gfx.cpp
  CXX   UltiLCD2_hi_lib.cpp
  CXX   UltiLCD2_low_lib.cpp
  CXX   UltiLCD2_menu_first_run.cpp
  CXX   UltiLCD2_menu_maintenance.cpp
  CXX   UltiLCD2_menu_material.cpp
  CXX   UltiLCD2_menu_print.cpp
  CXX   lifetime_stats.cpp
  CXX   UltiLCD2_menu_main.cpp
  CXX   powerbudget.cpp
  CXX   UltiLCD2_menu_utils.cpp
  CXX   UltiLCD2_menu_prefs.cpp
  CXX   tinkergnome.cpp
  CXX   machinesettings.cpp
  CXX   filament_sensor.cpp
  CXX   D:/arduino-1.8.1/hardware/arduino/avr/cores/arduino/new.cpp
  CXX   D:/arduino-1.8.1/hardware/arduino/avr/cores/arduino/WMath.cpp
  CXX   D:/arduino-1.8.1/hardware/arduino/avr/cores/arduino/WString.cpp
  CXX   D:/arduino-1.8.1/hardware/arduino/avr/cores/arduino/Print.cpp
  CXX   Marlin_main.cpp
  CXX   MarlinSerial.cpp
  CXX   Sd2Card.cpp
  CXX   SdBaseFile.cpp
  CXX   SdFile.cpp
  CXX   SdVolume.cpp
  CXX   motion_control.cpp
  CXX   planner.cpp
  CXX   stepper.cpp
  CXX   temperature.cpp
  CXX   cardreader.cpp
  CXX   ConfigurationStore.cpp
  CXX   watchdog.cpp
  CXX   electronics_test.cpp
  CXX   D:/arduino-1.8.1/hardware/arduino/avr/cores/arduino/main.cpp
  CXX   _Ultimaker2extended/Marlin.elf
D:/arduino-1.8.1/hardware/tools/avr/bin/avr-objdump -h -S _Ultimaker2extended/Marlin.elf > _Ultimaker2extended/Marlin.lss
D:/arduino-1.8.1/hardware/tools/avr/bin/avr-nm -n _Ultimaker2extended/Marlin.elf > _Ultimaker2extended/Marlin.sym
  COPY  _Ultimaker2extended/Marlin.hex
# Link: create ELF output file from library.


AVR Memory Usage
----------------
Device: atmega2560

Program:  193366 bytes (73.8% Full)
(.text + .data + .bootloader)

Data:       5736 bytes (70.0% Full)
(.data + .bss + .noinit)


   text	   data	    bss	    dec	    hex	filename
 193032	    334	   5402	 198768	  30870	_Ultimaker2extended/Marlin.elf

  RM    _Ultimaker2extendedDual/*
  RMDIR _Ultimaker2extendedDual/
  CC    D:/arduino-1.8.1/hardware/arduino/avr/cores/arduino/wiring.c
  CC    D:/arduino-1.8.1/hardware/arduino/avr/cores/arduino/hooks.c
  CC    D:/arduino-1.8.1/hardware/arduino/avr/cores/arduino/wiring_analog.c
  CC    D:/arduino-1.8.1/hardware/arduino/avr/cores/arduino/wiring_digital.c
  CC    D:/arduino-1.8.1/hardware/arduino/avr/cores/arduino/wiring_pulse.c
  CC    D:/arduino-1.8.1/hardware/arduino/avr/cores/arduino/wiring_shift.c
  CC    D:/arduino-1.8.1/hardware/arduino/avr/cores/arduino/WInterrupts.c
  CXX   UltiLCD2.cpp
  CXX   UltiLCD2_gfx.cpp
  CXX   UltiLCD2_hi_lib.cpp
  CXX   UltiLCD2_low_lib.cpp
  CXX   UltiLCD2_menu_first_run.cpp
  CXX   UltiLCD2_menu_maintenance.cpp
  CXX   UltiLCD2_menu_material.cpp
  CXX   UltiLCD2_menu_print.cpp
  CXX   lifetime_stats.cpp
  CXX   UltiLCD2_menu_main.cpp
  CXX   powerbudget.cpp
  CXX   UltiLCD2_menu_utils.cpp
  CXX   UltiLCD2_menu_prefs.cpp
  CXX   tinkergnome.cpp
  CXX   machinesettings.cpp
  CXX   filament_sensor.cpp
  CXX   D:/arduino-1.8.1/hardware/arduino/avr/cores/arduino/new.cpp
  CXX   D:/arduino-1.8.1/hardware/arduino/avr/cores/arduino/WMath.cpp
  CXX   D:/arduino-1.8.1/hardware/arduino/avr/cores/arduino/WString.cpp
  CXX   D:/arduino-1.8.1/hardware/arduino/avr/cores/arduino/Print.cpp
  CXX   Marlin_main.cpp
  CXX   MarlinSerial.cpp
  CXX   Sd2Card.cpp
  CXX   SdBaseFile.cpp
  CXX   SdFile.cpp
  CXX   SdVolume.cpp
  CXX   motion_control.cpp
  CXX   planner.cpp
  CXX   stepper.cpp
  CXX   temperature.cpp
  CXX   cardreader.cpp
  CXX   ConfigurationStore.cpp
  CXX   watchdog.cpp
  CXX   electronics_test.cpp
  CXX   D:/arduino-1.8.1/hardware/arduino/avr/cores/arduino/main.cpp
  CXX   _Ultimaker2extendedDual/Marlin.elf
D:/arduino-1.8.1/hardware/tools/avr/bin/avr-objdump -h -S _Ultimaker2extendedDual/Marlin.elf > _Ultimaker2extendedDual/Marlin.lss
D:/arduino-1.8.1/hardware/tools/avr/bin/avr-nm -n _Ultimaker2extendedDual/Marlin.elf > _Ultimaker2extendedDual/Marlin.sym
  COPY  _Ultimaker2extendedDual/Marlin.hex
# Link: create ELF output file from library.


AVR Memory Usage
----------------
Device: atmega2560

Program:  207342 bytes (79.1% Full)
(.text + .data + .bootloader)

Data:       6070 bytes (74.1% Full)
(.data + .bss + .noinit)


   text	   data	    bss	    dec	    hex	filename
 206962	    380	   5690	 213032	  34028	_Ultimaker2extendedDual/Marlin.elf

  RM    _Ultimaker2extendedPlus/*
  RMDIR _Ultimaker2extendedPlus/
  CC    D:/arduino-1.8.1/hardware/arduino/avr/cores/arduino/wiring.c
  CC    D:/arduino-1.8.1/hardware/arduino/avr/cores/arduino/hooks.c
  CC    D:/arduino-1.8.1/hardware/arduino/avr/cores/arduino/wiring_analog.c
  CC    D:/arduino-1.8.1/hardware/arduino/avr/cores/arduino/wiring_digital.c
  CC    D:/arduino-1.8.1/hardware/arduino/avr/cores/arduino/wiring_pulse.c
  CC    D:/arduino-1.8.1/hardware/arduino/avr/cores/arduino/wiring_shift.c
  CC    D:/arduino-1.8.1/hardware/arduino/avr/cores/arduino/WInterrupts.c
  CXX   UltiLCD2.cpp
  CXX   UltiLCD2_gfx.cpp
  CXX   UltiLCD2_hi_lib.cpp
  CXX   UltiLCD2_low_lib.cpp
  CXX   UltiLCD2_menu_first_run.cpp
  CXX   UltiLCD2_menu_maintenance.cpp
  CXX   UltiLCD2_menu_material.cpp
  CXX   UltiLCD2_menu_print.cpp
  CXX   lifetime_stats.cpp
  CXX   UltiLCD2_menu_main.cpp
  CXX   powerbudget.cpp
  CXX   UltiLCD2_menu_utils.cpp
  CXX   UltiLCD2_menu_prefs.cpp
  CXX   tinkergnome.cpp
  CXX   machinesettings.cpp
  CXX   filament_sensor.cpp
  CXX   D:/arduino-1.8.1/hardware/arduino/avr/cores/arduino/new.cpp
  CXX   D:/arduino-1.8.1/hardware/arduino/avr/cores/arduino/WMath.cpp
  CXX   D:/arduino-1.8.1/hardware/arduino/avr/cores/arduino/WString.cpp
  CXX   D:/arduino-1.8.1/hardware/arduino/avr/cores/arduino/Print.cpp
  CXX   Marlin_main.cpp
  CXX   MarlinSerial.cpp
  CXX   Sd2Card.cpp
  CXX   SdBaseFile.cpp
  CXX   SdFile.cpp
  CXX   SdVolume.cpp
  CXX   motion_control.cpp
  CXX   planner.cpp
  CXX   stepper.cpp
  CXX   temperature.cpp
  CXX   cardreader.cpp
  CXX   ConfigurationStore.cpp
  CXX   watchdog.cpp
  CXX   electronics_test.cpp
  CXX   D:/arduino-1.8.1/hardware/arduino/avr/cores/arduino/main.cpp
  CXX   _Ultimaker2extendedPlus/Marlin.elf
D:/arduino-1.8.1/hardware/tools/avr/bin/avr-objdump -h -S _Ultimaker2extendedPlus/Marlin.elf > _Ultimaker2extendedPlus/Marlin.lss
D:/arduino-1.8.1/hardware/tools/avr/bin/avr-nm -n _Ultimaker2extendedPlus/Marlin.elf > _Ultimaker2extendedPlus/Marlin.sym
  COPY  _Ultimaker2extendedPlus/Marlin.hex
# Link: create ELF output file from library.


AVR Memory Usage
----------------
Device: atmega2560

Program:  193372 bytes (73.8% Full)
(.text + .data + .bootloader)

Data:       5736 bytes (70.0% Full)
(.data + .bss + .noinit)


   text	   data	    bss	    dec	    hex	filename
 193038	    334	   5402	 198774	  30876	_Ultimaker2extendedPlus/Marlin.elf

  RM    _Ultimaker2extendedPlusDual/*
  RMDIR _Ultimaker2extendedPlusDual/
  CC    D:/arduino-1.8.1/hardware/arduino/avr/cores/arduino/wiring.c
  CC    D:/arduino-1.8.1/hardware/arduino/avr/cores/arduino/hooks.c
  CC    D:/arduino-1.8.1/hardware/arduino/avr/cores/arduino/wiring_analog.c
  CC    D:/arduino-1.8.1/hardware/arduino/avr/cores/arduino/wiring_digital.c
  CC    D:/arduino-1.8.1/hardware/arduino/avr/cores/arduino/wiring_pulse.c
  CC    D:/arduino-1.8.1/hardware/arduino/avr/cores/arduino/wiring_shift.c
  CC    D:/arduino-1.8.1/hardware/arduino/avr/cores/arduino/WInterrupts.c
  CXX   UltiLCD2.cpp
  CXX   UltiLCD2_gfx.cpp
  CXX   UltiLCD2_hi_lib.cpp
  CXX   UltiLCD2_low_lib.cpp
  CXX   UltiLCD2_menu_first_run.cpp
  CXX   UltiLCD2_menu_maintenance.cpp
  CXX   UltiLCD2_menu_material.cpp
  CXX   UltiLCD2_menu_print.cpp
  CXX   lifetime_stats.cpp
  CXX   UltiLCD2_menu_main.cpp
  CXX   powerbudget.cpp
  CXX   UltiLCD2_menu_utils.cpp
  CXX   UltiLCD2_menu_prefs.cpp
  CXX   tinkergnome.cpp
  CXX   machinesettings.cpp
  CXX   filament_sensor.cpp
  CXX   D:/arduino-1.8.1/hardware/arduino/avr/cores/arduino/new.cpp
  CXX   D:/arduino-1.8.1/hardware/arduino/avr/cores/arduino/WMath.cpp
  CXX   D:/arduino-1.8.1/hardware/arduino/avr/cores/arduino/WString.cpp
  CXX   D:/arduino-1.8.1/hardware/arduino/avr/cores/arduino/Print.cpp
  CXX   Marlin_main.cpp
  CXX   MarlinSerial.cpp
  CXX   Sd2Card.cpp
  CXX   SdBaseFile.cpp
  CXX   SdFile.cpp
  CXX   SdVolume.cpp
  CXX   motion_control.cpp
  CXX   planner.cpp
  CXX   stepper.cpp
  CXX   temperature.cpp
  CXX   cardreader.cpp
  CXX   ConfigurationStore.cpp
  CXX   watchdog.cpp
  CXX   electronics_test.cpp
  CXX   D:/arduino-1.8.1/hardware/arduino/avr/cores/arduino/main.cpp
  CXX   _Ultimaker2extendedPlusDual/Marlin.elf
D:/arduino-1.8.1/hardware/tools/avr/bin/avr-objdump -h -S _Ultimaker2extendedPlusDual/Marlin.elf > _Ultimaker2extendedPlusDual/Marlin.lss
D:/arduino-1.8.1/hardware/tools/avr/bin/avr-nm -n _Ultimaker2extendedPlusDual/Marlin.elf > _Ultimaker2extendedPlusDual/Marlin.sym
  COPY  _Ultimaker2extendedPlusDual/Marlin.hex
# Link: create ELF output file from library.


AVR Memory Usage
----------------
Device: atmega2560

Program:  207348 bytes (79.1% Full)
(.text + .data + .bootloader)

Data:       6070 bytes (74.1% Full)
(.data + .bss + .noinit)


   text	   data	    bss	    dec	    hex	filename
 206968	    380	   5690	 213038	  3402e	_Ultimaker2extendedPlusDual/Marlin.elf

